Log file open, 12/27/21 23:12:20
LogWindows: Failed to load 'aqProf.dll' (GetLastError=126)
LogWindows: File 'aqProf.dll' does not exist
LogWindows: Failed to load 'VtuneApi.dll' (GetLastError=126)
LogWindows: File 'VtuneApi.dll' does not exist
LogWindows: Failed to load 'VtuneApi32e.dll' (GetLastError=126)
LogWindows: File 'VtuneApi32e.dll' does not exist
LogConsoleResponse: Display: Failed to find resolution value strings in scalability ini. Falling back to default.
LogConsoleResponse: Display: Failed to find resolution value strings in scalability ini. Falling back to default.
LogInit: Display: Running engine for game: CCC
LogPlatformFile: Not using cached read wrapper
LogTaskGraph: Started task graph with 5 named threads and 23 total threads with 3 sets of task threads.
LogStats: Stats thread started at 0.432677
LogICUInternationalization: ICU TimeZone Detection - Raw Offset: +3:00, Platform Override: ''
LogInit: Display: Loading text-based GConfig....
LogPluginManager: Mounting plugin MeshPainting
LogPluginManager: Mounting plugin XGEController
LogPluginManager: Mounting plugin AISupport
LogPluginManager: Mounting plugin Paper2D
LogPluginManager: Mounting plugin EnvironmentQueryEditor
LogPluginManager: Mounting plugin GameplayCameras
LogPluginManager: Mounting plugin CameraShakePreviewer
LogPluginManager: Mounting plugin LightPropagationVolume
LogPluginManager: Mounting plugin OodleData
LogPluginManager: Mounting plugin OodleNetwork
LogPluginManager: Mounting plugin AssetManagerEditor
LogPluginManager: Mounting plugin CryptoKeys
LogPluginManager: Mounting plugin CurveEditorTools
LogPluginManager: Mounting plugin DataValidation
LogPluginManager: Mounting plugin FacialAnimation
LogPluginManager: Mounting plugin GeometryMode
LogPluginManager: Mounting plugin MacGraphicsSwitching
LogPluginManager: Mounting plugin MaterialAnalyzer
LogPluginManager: Mounting plugin MobileLauncherProfileWizard
LogPluginManager: Mounting plugin PluginBrowser
LogPluginManager: Mounting plugin SpeedTreeImporter
LogPluginManager: Mounting plugin DatasmithContent
LogPluginManager: Mounting plugin VariantManagerContent
LogPluginManager: Mounting plugin Niagara
LogPluginManager: Mounting plugin LuminPlatformFeatures
LogPluginManager: Mounting plugin MagicLeap
LogPluginManager: Mounting plugin MagicLeapLightEstimation
LogPluginManager: Mounting plugin MagicLeapMedia
LogPluginManager: Mounting plugin MagicLeapPassableWorld
LogPluginManager: Mounting plugin MLSDK
LogPluginManager: Mounting plugin GameplayTagsEditor
LogPluginManager: Mounting plugin TcpMessaging
LogPluginManager: Mounting plugin ActorSequence
LogPluginManager: Mounting plugin UdpMessaging
LogPluginManager: Mounting plugin MatineeToLevelSequence
LogPluginManager: Mounting plugin LevelSequenceEditor
LogPluginManager: Mounting plugin TemplateSequence
LogPluginManager: Mounting plugin AndroidMedia
LogPluginManager: Mounting plugin AvfMedia
LogPluginManager: Mounting plugin MediaCompositing
LogPluginManager: Mounting plugin ImgMedia
LogPluginManager: Mounting plugin MediaPlayerEditor
LogPluginManager: Mounting plugin WebMMedia
LogPluginManager: Mounting plugin WmfMedia
LogPluginManager: Mounting plugin LauncherChunkInstaller
LogPluginManager: Mounting plugin OnlineSubsystem
LogPluginManager: Mounting plugin OnlineSubsystemNull
LogPluginManager: Mounting plugin OnlineSubsystemUtils
LogPluginManager: Mounting plugin ActorLayerUtilities
LogPluginManager: Mounting plugin AndroidDeviceProfileSelector
LogPluginManager: Mounting plugin AndroidPermission
LogPluginManager: Mounting plugin AndroidMoviePlayer
LogPluginManager: Mounting plugin AppleImageUtils
LogPluginManager: Mounting plugin AppleMoviePlayer
LogPluginManager: Mounting plugin AssetTags
LogPluginManager: Mounting plugin ArchVisCharacter
LogPluginManager: Mounting plugin AudioCapture
LogPluginManager: Mounting plugin AudioSynesthesia
LogPluginManager: Mounting plugin CableComponent
LogPluginManager: Mounting plugin ChunkDownloader
LogPluginManager: Mounting plugin CustomMeshComponent
LogPluginManager: Mounting plugin EditableMesh
LogPluginManager: Mounting plugin ExampleDeviceProfileSelector
LogPluginManager: Mounting plugin GoogleCloudMessaging
LogPluginManager: Mounting plugin GooglePAD
LogPluginManager: Mounting plugin ScreenshotTools
LogPluginManager: Mounting plugin IOSDeviceProfileSelector
LogPluginManager: Mounting plugin LinuxDeviceProfileSelector
LogPluginManager: Mounting plugin LocationServicesBPLibrary
LogPluginManager: Mounting plugin MobilePatchingUtils
LogPluginManager: Mounting plugin OpenXR
LogPluginManager: Mounting plugin OpenXREyeTracker
LogPluginManager: Mounting plugin OpenXRHandTracking
LogPluginManager: Mounting plugin PhysXVehicles
LogPluginManager: Mounting plugin PostSplashScreen
LogPluginManager: Mounting plugin PropertyAccessEditor
LogPluginManager: Mounting plugin RuntimePhysXCooking
LogPluginManager: Mounting plugin SignificanceManager
LogPluginManager: Mounting plugin SoundFields
LogPluginManager: Mounting plugin Synthesis
LogPluginManager: Mounting plugin WebMMoviePlayer
LogPluginManager: Mounting plugin WindowsMoviePlayer
LogPluginManager: Mounting plugin Takes
LogPluginManager: Mounting plugin AlembicImporter
LogPluginManager: Mounting plugin AutomationUtils
LogPluginManager: Mounting plugin BackChannel
LogPluginManager: Mounting plugin ChaosCloth
LogPluginManager: Mounting plugin ChaosClothEditor
LogPluginManager: Mounting plugin ChaosEditor
LogPluginManager: Mounting plugin ChaosNiagara
LogPluginManager: Mounting plugin ChaosSolverPlugin
LogPluginManager: Mounting plugin CharacterAI
LogPluginManager: Mounting plugin GeometryCache
LogPluginManager: Mounting plugin GeometryCollectionPlugin
LogPluginManager: Mounting plugin GeometryProcessing
LogPluginManager: Mounting plugin MotoSynth
LogPluginManager: Mounting plugin OpenImageDenoise
LogPluginManager: Mounting plugin PlanarCut
LogPluginManager: Mounting plugin ProxyLODPlugin
LogPluginManager: Mounting plugin PlatformCrypto
LogPluginManager: Mounting plugin PythonScriptPlugin
LogPluginManager: Mounting plugin SkeletalReduction
LogPluginManager: Mounting plugin LiveLink
LogPluginManager: Mounting plugin AnimationSharing
LogPluginManager: Mounting plugin CLionSourceCodeAccess
LogPluginManager: Mounting plugin CodeLiteSourceCodeAccess
LogPluginManager: Mounting plugin GitSourceControl
LogPluginManager: Mounting plugin KDevelopSourceCodeAccess
LogPluginManager: Mounting plugin NullSourceCodeAccess
LogPluginManager: Mounting plugin PixWinPlugin
LogPluginManager: Mounting plugin PerforceSourceControl
LogPluginManager: Mounting plugin PlasticSourceControl
LogPluginManager: Mounting plugin PropertyAccessNode
LogPluginManager: Mounting plugin PluginUtils
LogPluginManager: Mounting plugin RiderSourceCodeAccess
LogPluginManager: Mounting plugin SubversionSourceControl
LogPluginManager: Mounting plugin TextureFormatOodle
LogPluginManager: Mounting plugin UObjectPlugin
LogPluginManager: Mounting plugin VisualStudioCodeSourceCodeAccess
LogPluginManager: Mounting plugin VisualStudioSourceCodeAccess
LogPluginManager: Mounting plugin XCodeSourceCodeAccess
LogPluginManager: Mounting plugin ProceduralMeshComponent
LogPluginManager: Mounting plugin ContentBrowserAssetDataSource
LogPluginManager: Mounting plugin ContentBrowserFileDataSource
LogPluginManager: Mounting plugin ContentBrowserClassDataSource
LogPluginManager: Mounting plugin OnlineSubsystemGooglePlay
LogPluginManager: Mounting plugin OnlineSubsystemIOS
LogPluginManager: Mounting plugin OculusVR
LogPluginManager: Mounting plugin SteamVR
LogInit: Using libcurl 7.55.1-DEV
LogInit:  - built for x86_64-pc-win32
LogInit:  - supports SSL with OpenSSL/1.1.1
LogInit:  - supports HTTP deflate (compression) using libz 1.2.8
LogInit:  - other features:
LogInit:      CURL_VERSION_SSL
LogInit:      CURL_VERSION_LIBZ
LogInit:      CURL_VERSION_IPV6
LogInit:      CURL_VERSION_ASYNCHDNS
LogInit:      CURL_VERSION_LARGEFILE
LogInit:      CURL_VERSION_IDN
LogInit:  CurlRequestOptions (configurable via config and command line):
LogInit:  - bVerifyPeer = true  - Libcurl will verify peer certificate
LogInit:  - bUseHttpProxy = false  - Libcurl will NOT use HTTP proxy
LogInit:  - bDontReuseConnections = false  - Libcurl will reuse connections
LogInit:  - MaxHostConnections = 16  - Libcurl will limit the number of connections to a host
LogInit:  - LocalHostAddr = Default
LogInit:  - BufferSize = 65536
LogOnline: OSS: Creating online subsystem instance for: NULL
LogInit: WinSock: version 1.1 (2.2), MaxSocks=32767, MaxUdp=65467
LogOnline: OSS: TryLoadSubsystemAndSetDefault: Loaded subsystem for module [NULL]
PixWinPlugin: PIX capture plugin failed to initialize! Check that the process is launched from PIX.
LogOculusPluginWrapper: OculusPlugin initialized successfully
LogHMD: Failed initializing OVRPlugin 1.59.0
LogInit: Build: ++UE4+Release-4.27-CL-17155196
LogInit: Engine Version: 4.27.0-17155196+++UE4+Release-4.27
LogInit: Compatible Engine Version: 4.27.0-17155196+++UE4+Release-4.27
LogInit: Net CL: 17155196
LogInit: OS: Windows 10 (Release 2009) (), CPU: Intel(R) Core(TM) i5-8250U CPU @ 1.60GHz, GPU: Intel(R) UHD Graphics 620
LogInit: Compiled (64-bit): Aug 13 2021 06:13:13
LogInit: Compiled with Visual C++: 19.24.28315.00
LogInit: Build Configuration: Development
LogInit: Branch Name: ++UE4+Release-4.27
LogInit: Command Line:  /Game/Maps/MainMap -game -PIEVIACONSOLE -Multiprocess "GameUserSettingsINI=C:/Users/Pukich/Documents/Unreal Projects/UE4_Courses/Saved/Config/Windows/PIEGameUserSettings0.ini" -MultiprocessSaveConfig -forcepassthrough -messaging -SessionName="Play in Standalone Game" -windowed -WinX=50 -WinY=74 SAVEWINPOS=1 -ResX=640 -ResY=360
LogInit: Base Directory: C:/Program Files/Epic Games/UE_4.27/Engine/Binaries/Win64/
LogInit: Allocator: TBB
LogInit: Installed Engine Build: 1
LogDevObjectVersion: Number of dev versions registered: 29
LogDevObjectVersion:   Dev-Blueprints (B0D832E4-1F89-4F0D-ACCF-7EB736FD4AA2): 10
LogDevObjectVersion:   Dev-Build (E1C64328-A22C-4D53-A36C-8E866417BD8C): 0
LogDevObjectVersion:   Dev-Core (375EC13C-06E4-48FB-B500-84F0262A717E): 4
LogDevObjectVersion:   Dev-Editor (E4B068ED-F494-42E9-A231-DA0B2E46BB41): 40
LogDevObjectVersion:   Dev-Framework (CFFC743F-43B0-4480-9391-14DF171D2073): 37
LogDevObjectVersion:   Dev-Mobile (B02B49B5-BB20-44E9-A304-32B752E40360): 3
LogDevObjectVersion:   Dev-Networking (A4E4105C-59A1-49B5-A7C5-40C4547EDFEE): 0
LogDevObjectVersion:   Dev-Online (39C831C9-5AE6-47DC-9A44-9C173E1C8E7C): 0
LogDevObjectVersion:   Dev-Physics (78F01B33-EBEA-4F98-B9B4-84EACCB95AA2): 14
LogDevObjectVersion:   Dev-Platform (6631380F-2D4D-43E0-8009-CF276956A95A): 0
LogDevObjectVersion:   Dev-Rendering (12F88B9F-8875-4AFC-A67C-D90C383ABD29): 45
LogDevObjectVersion:   Dev-Sequencer (7B5AE74C-D270-4C10-A958-57980B212A5A): 13
LogDevObjectVersion:   Dev-VR (D7296918-1DD6-4BDD-9DE2-64A83CC13884): 3
LogDevObjectVersion:   Dev-LoadTimes (C2A15278-BFE7-4AFE-6C17-90FF531DF755): 1
LogDevObjectVersion:   Private-Geometry (6EACA3D4-40EC-4CC1-B786-8BED09428FC5): 3
LogDevObjectVersion:   Dev-AnimPhys (29E575DD-E0A3-4627-9D10-D276232CDCEA): 17
LogDevObjectVersion:   Dev-Anim (AF43A65D-7FD3-4947-9873-3E8ED9C1BB05): 15
LogDevObjectVersion:   Dev-ReflectionCapture (6B266CEC-1EC7-4B8F-A30B-E4D90942FC07): 1
LogDevObjectVersion:   Dev-Automation (0DF73D61-A23F-47EA-B727-89E90C41499A): 1
LogDevObjectVersion:   FortniteMain (601D1886-AC64-4F84-AA16-D3DE0DEAC7D6): 47
LogDevObjectVersion:   FortniteRelease (E7086368-6B23-4C58-8439-1B7016265E91): 1
LogDevObjectVersion:   Dev-Enterprise (9DFFBCD6-494F-0158-E221-12823C92A888): 10
LogDevObjectVersion:   Dev-Niagara (F2AED0AC-9AFE-416F-8664-AA7FFA26D6FC): 1
LogDevObjectVersion:   Dev-Destruction (174F1F0B-B4C6-45A5-B13F-2EE8D0FB917D): 10
LogDevObjectVersion:   Dev-Physics-Ext (35F94A83-E258-406C-A318-09F59610247C): 41
LogDevObjectVersion:   Dev-PhysicsMaterial-Chaos (B68FC16E-8B1B-42E2-B453-215C058844FE): 1
LogDevObjectVersion:   Dev-CineCamera (B2E18506-4273-CFC2-A54E-F4BB758BBA07): 1
LogDevObjectVersion:   Dev-VirtualProduction (64F58936-FD1B-42BA-BA96-7289D5D0FA4E): 1
LogDevObjectVersion:   Dev-MediaFramework (6F0ED827-A609-4895-9C91-998D90180EA4): 2
LogInit: Presizing for max 25165824 objects, including 0 objects not considered by GC, pre-allocating 0 bytes for permanent pool.
LogConfig: Applying CVar settings from Section [/Script/Engine.StreamingSettings] File [C:/Users/Pukich/Documents/Unreal Projects/UE4_Courses/Saved/Config/Windows/Engine.ini]
LogConfig: Setting CVar [[s.MinBulkDataSizeForAsyncLoading:131072]]
LogConfig: Setting CVar [[s.AsyncLoadingThreadEnabled:0]]
LogConfig: Setting CVar [[s.EventDrivenLoaderEnabled:1]]
LogConfig: Setting CVar [[s.WarnIfTimeLimitExceeded:0]]
LogConfig: Setting CVar [[s.TimeLimitExceededMultiplier:1.5]]
LogConfig: Setting CVar [[s.TimeLimitExceededMinTime:0.005]]
LogConfig: Setting CVar [[s.UseBackgroundLevelStreaming:1]]
LogConfig: Setting CVar [[s.PriorityAsyncLoadingExtraTime:15.0]]
LogConfig: Setting CVar [[s.LevelStreamingActorsUpdateTimeLimit:5.0]]
LogConfig: Setting CVar [[s.PriorityLevelStreamingActorsUpdateExtraTime:5.0]]
LogConfig: Setting CVar [[s.LevelStreamingComponentsRegistrationGranularity:10]]
LogConfig: Setting CVar [[s.UnregisterComponentsTimeLimit:1.0]]
LogConfig: Setting CVar [[s.LevelStreamingComponentsUnregistrationGranularity:5]]
LogConfig: Setting CVar [[s.FlushStreamingOnExit:1]]
LogInit: Object subsystem initialized
LogConfig: Setting CVar [[con.DebugEarlyDefault:1]]
LogConfig: Setting CVar [[r.setres:1280x720]]
[2021.12.27-20.12.21:182][  0]LogConfig: Setting CVar [[con.DebugEarlyDefault:1]]
[2021.12.27-20.12.21:182][  0]LogConfig: Setting CVar [[r.setres:1280x720]]
[2021.12.27-20.12.21:182][  0]LogConfig: Applying CVar settings from Section [/Script/Engine.RendererSettings] File [C:/Users/Pukich/Documents/Unreal Projects/UE4_Courses/Saved/Config/Windows/Engine.ini]
[2021.12.27-20.12.21:182][  0]LogConfig: Setting CVar [[r.GPUCrashDebugging:0]]
[2021.12.27-20.12.21:182][  0]LogConfig: Applying CVar settings from Section [/Script/Engine.RendererOverrideSettings] File [C:/Users/Pukich/Documents/Unreal Projects/UE4_Courses/Saved/Config/Windows/Engine.ini]
[2021.12.27-20.12.21:182][  0]LogConfig: Applying CVar settings from Section [/Script/Engine.StreamingSettings] File [C:/Users/Pukich/Documents/Unreal Projects/UE4_Courses/Saved/Config/Windows/Engine.ini]
[2021.12.27-20.12.21:182][  0]LogConfig: Setting CVar [[s.MinBulkDataSizeForAsyncLoading:131072]]
[2021.12.27-20.12.21:182][  0]LogConfig: Setting CVar [[s.AsyncLoadingThreadEnabled:0]]
[2021.12.27-20.12.21:182][  0]LogConfig: Setting CVar [[s.EventDrivenLoaderEnabled:1]]
[2021.12.27-20.12.21:182][  0]LogConfig: Setting CVar [[s.WarnIfTimeLimitExceeded:0]]
[2021.12.27-20.12.21:182][  0]LogConfig: Setting CVar [[s.TimeLimitExceededMultiplier:1.5]]
[2021.12.27-20.12.21:182][  0]LogConfig: Setting CVar [[s.TimeLimitExceededMinTime:0.005]]
[2021.12.27-20.12.21:182][  0]LogConfig: Setting CVar [[s.UseBackgroundLevelStreaming:1]]
[2021.12.27-20.12.21:182][  0]LogConfig: Setting CVar [[s.PriorityAsyncLoadingExtraTime:15.0]]
[2021.12.27-20.12.21:182][  0]LogConfig: Setting CVar [[s.LevelStreamingActorsUpdateTimeLimit:5.0]]
[2021.12.27-20.12.21:182][  0]LogConfig: Setting CVar [[s.PriorityLevelStreamingActorsUpdateExtraTime:5.0]]
[2021.12.27-20.12.21:182][  0]LogConfig: Setting CVar [[s.LevelStreamingComponentsRegistrationGranularity:10]]
[2021.12.27-20.12.21:182][  0]LogConfig: Setting CVar [[s.UnregisterComponentsTimeLimit:1.0]]
[2021.12.27-20.12.21:182][  0]LogConfig: Setting CVar [[s.LevelStreamingComponentsUnregistrationGranularity:5]]
[2021.12.27-20.12.21:182][  0]LogConfig: Setting CVar [[s.FlushStreamingOnExit:1]]
[2021.12.27-20.12.21:182][  0]LogConfig: Applying CVar settings from Section [/Script/Engine.GarbageCollectionSettings] File [C:/Users/Pukich/Documents/Unreal Projects/UE4_Courses/Saved/Config/Windows/Engine.ini]
[2021.12.27-20.12.21:182][  0]LogConfig: Setting CVar [[gc.MaxObjectsNotConsideredByGC:1]]
[2021.12.27-20.12.21:182][  0]LogConfig: Setting CVar [[gc.SizeOfPermanentObjectPool:0]]
[2021.12.27-20.12.21:182][  0]LogConfig: Setting CVar [[gc.FlushStreamingOnGC:0]]
[2021.12.27-20.12.21:182][  0]LogConfig: Setting CVar [[gc.NumRetriesBeforeForcingGC:10]]
[2021.12.27-20.12.21:182][  0]LogConfig: Setting CVar [[gc.AllowParallelGC:1]]
[2021.12.27-20.12.21:182][  0]LogConfig: Setting CVar [[gc.TimeBetweenPurgingPendingKillObjects:61.1]]
[2021.12.27-20.12.21:182][  0]LogConfig: Setting CVar [[gc.MaxObjectsInEditor:25165824]]
[2021.12.27-20.12.21:183][  0]LogConfig: Setting CVar [[gc.IncrementalBeginDestroyEnabled:1]]
[2021.12.27-20.12.21:183][  0]LogConfig: Setting CVar [[gc.CreateGCClusters:1]]
[2021.12.27-20.12.21:183][  0]LogConfig: Setting CVar [[gc.MinGCClusterSize:5]]
[2021.12.27-20.12.21:183][  0]LogConfig: Setting CVar [[gc.ActorClusteringEnabled:0]]
[2021.12.27-20.12.21:183][  0]LogConfig: Setting CVar [[gc.BlueprintClusteringEnabled:0]]
[2021.12.27-20.12.21:183][  0]LogConfig: Setting CVar [[gc.UseDisregardForGCOnDedicatedServers:0]]
[2021.12.27-20.12.21:183][  0]LogConfig: Setting CVar [[gc.MultithreadedDestructionEnabled:1]]
[2021.12.27-20.12.21:183][  0]LogConfig: Applying CVar settings from Section [/Script/Engine.NetworkSettings] File [C:/Users/Pukich/Documents/Unreal Projects/UE4_Courses/Saved/Config/Windows/Engine.ini]
[2021.12.27-20.12.21:183][  0]LogConfig: Applying CVar settings from Section [/Script/UnrealEd.CookerSettings] File [C:/Users/Pukich/Documents/Unreal Projects/UE4_Courses/Saved/Config/Windows/Engine.ini]
[2021.12.27-20.12.21:202][  0]LogConfig: Applying CVar settings from Section [ViewDistanceQuality@3] File [C:/Users/Pukich/Documents/Unreal Projects/UE4_Courses/Saved/Config/Windows/Scalability.ini]
[2021.12.27-20.12.21:202][  0]LogConfig: Setting CVar [[r.SkeletalMeshLODBias:0]]
[2021.12.27-20.12.21:202][  0]LogConfig: Setting CVar [[r.ViewDistanceScale:1.0]]
[2021.12.27-20.12.21:202][  0]LogConfig: Applying CVar settings from Section [AntiAliasingQuality@3] File [C:/Users/Pukich/Documents/Unreal Projects/UE4_Courses/Saved/Config/Windows/Scalability.ini]
[2021.12.27-20.12.21:202][  0]LogConfig: Setting CVar [[r.PostProcessAAQuality:4]]
[2021.12.27-20.12.21:202][  0]LogConfig: Applying CVar settings from Section [ShadowQuality@3] File [C:/Users/Pukich/Documents/Unreal Projects/UE4_Courses/Saved/Config/Windows/Scalability.ini]
[2021.12.27-20.12.21:202][  0]LogConfig: Setting CVar [[r.LightFunctionQuality:1]]
[2021.12.27-20.12.21:202][  0]LogConfig: Setting CVar [[r.ShadowQuality:5]]
[2021.12.27-20.12.21:202][  0]LogConfig: Setting CVar [[r.Shadow.CSM.MaxCascades:10]]
[2021.12.27-20.12.21:202][  0]LogConfig: Setting CVar [[r.Shadow.MaxResolution:2048]]
[2021.12.27-20.12.21:202][  0]LogConfig: Setting CVar [[r.Shadow.MaxCSMResolution:2048]]
[2021.12.27-20.12.21:202][  0]LogConfig: Setting CVar [[r.Shadow.RadiusThreshold:0.01]]
[2021.12.27-20.12.21:202][  0]LogConfig: Setting CVar [[r.Shadow.DistanceScale:1.0]]
[2021.12.27-20.12.21:202][  0]LogConfig: Setting CVar [[r.Shadow.CSM.TransitionScale:1.0]]
[2021.12.27-20.12.21:202][  0]LogConfig: Setting CVar [[r.Shadow.PreShadowResolutionFactor:1.0]]
[2021.12.27-20.12.21:202][  0]LogConfig: Setting CVar [[r.DistanceFieldShadowing:1]]
[2021.12.27-20.12.21:203][  0]LogConfig: Setting CVar [[r.DistanceFieldAO:1]]
[2021.12.27-20.12.21:203][  0]LogConfig: Setting CVar [[r.AOQuality:2]]
[2021.12.27-20.12.21:203][  0]LogConfig: Setting CVar [[r.VolumetricFog:1]]
[2021.12.27-20.12.21:203][  0]LogConfig: Setting CVar [[r.VolumetricFog.GridPixelSize:8]]
[2021.12.27-20.12.21:203][  0]LogConfig: Setting CVar [[r.VolumetricFog.GridSizeZ:128]]
[2021.12.27-20.12.21:203][  0]LogConfig: Setting CVar [[r.VolumetricFog.HistoryMissSupersampleCount:4]]
[2021.12.27-20.12.21:203][  0]LogConfig: Setting CVar [[r.LightMaxDrawDistanceScale:1]]
[2021.12.27-20.12.21:203][  0]LogConfig: Setting CVar [[r.CapsuleShadows:1]]
[2021.12.27-20.12.21:203][  0]LogConfig: Applying CVar settings from Section [PostProcessQuality@3] File [C:/Users/Pukich/Documents/Unreal Projects/UE4_Courses/Saved/Config/Windows/Scalability.ini]
[2021.12.27-20.12.21:203][  0]LogConfig: Setting CVar [[r.MotionBlurQuality:4]]
[2021.12.27-20.12.21:203][  0]LogConfig: Setting CVar [[r.AmbientOcclusionMipLevelFactor:0.4]]
[2021.12.27-20.12.21:203][  0]LogConfig: Setting CVar [[r.AmbientOcclusionMaxQuality:100]]
[2021.12.27-20.12.21:203][  0]LogConfig: Setting CVar [[r.AmbientOcclusionLevels:-1]]
[2021.12.27-20.12.21:203][  0]LogConfig: Setting CVar [[r.AmbientOcclusionRadiusScale:1.0]]
[2021.12.27-20.12.21:203][  0]LogConfig: Setting CVar [[r.DepthOfFieldQuality:2]]
[2021.12.27-20.12.21:203][  0]LogConfig: Setting CVar [[r.RenderTargetPoolMin:400]]
[2021.12.27-20.12.21:203][  0]LogConfig: Setting CVar [[r.LensFlareQuality:2]]
[2021.12.27-20.12.21:203][  0]LogConfig: Setting CVar [[r.SceneColorFringeQuality:1]]
[2021.12.27-20.12.21:203][  0]LogConfig: Setting CVar [[r.EyeAdaptationQuality:2]]
[2021.12.27-20.12.21:203][  0]LogConfig: Setting CVar [[r.BloomQuality:5]]
[2021.12.27-20.12.21:203][  0]LogConfig: Setting CVar [[r.FastBlurThreshold:100]]
[2021.12.27-20.12.21:203][  0]LogConfig: Setting CVar [[r.Upscale.Quality:3]]
[2021.12.27-20.12.21:203][  0]LogConfig: Setting CVar [[r.Tonemapper.GrainQuantization:1]]
[2021.12.27-20.12.21:203][  0]LogConfig: Setting CVar [[r.LightShaftQuality:1]]
[2021.12.27-20.12.21:203][  0]LogConfig: Setting CVar [[r.Filter.SizeScale:1]]
[2021.12.27-20.12.21:203][  0]LogConfig: Setting CVar [[r.Tonemapper.Quality:5]]
[2021.12.27-20.12.21:203][  0]LogConfig: Setting CVar [[r.DOF.Gather.AccumulatorQuality:1        ; higher gathering accumulator quality]]
[2021.12.27-20.12.21:203][  0]LogConfig: Setting CVar [[r.DOF.Gather.PostfilterMethod:1          ; Median3x3 postfilering method]]
[2021.12.27-20.12.21:203][  0]LogConfig: Setting CVar [[r.DOF.Gather.EnableBokehSettings:0       ; no bokeh simulation when gathering]]
[2021.12.27-20.12.21:203][  0]LogConfig: Setting CVar [[r.DOF.Gather.RingCount:4                 ; medium number of samples when gathering]]
[2021.12.27-20.12.21:203][  0]LogConfig: Setting CVar [[r.DOF.Scatter.ForegroundCompositing:1    ; additive foreground scattering]]
[2021.12.27-20.12.21:203][  0]LogConfig: Setting CVar [[r.DOF.Scatter.BackgroundCompositing:2    ; additive background scattering]]
[2021.12.27-20.12.21:203][  0]LogConfig: Setting CVar [[r.DOF.Scatter.EnableBokehSettings:1      ; bokeh simulation when scattering]]
[2021.12.27-20.12.21:203][  0]LogConfig: Setting CVar [[r.DOF.Scatter.MaxSpriteRatio:0.1         ; only a maximum of 10% of scattered bokeh]]
[2021.12.27-20.12.21:203][  0]LogConfig: Setting CVar [[r.DOF.Recombine.Quality:1                ; cheap slight out of focus]]
[2021.12.27-20.12.21:203][  0]LogConfig: Setting CVar [[r.DOF.Recombine.EnableBokehSettings:0    ; no bokeh simulation on slight out of focus]]
[2021.12.27-20.12.21:203][  0]LogConfig: Setting CVar [[r.DOF.TemporalAAQuality:1                ; more stable temporal accumulation]]
[2021.12.27-20.12.21:203][  0]LogConfig: Setting CVar [[r.DOF.Kernel.MaxForegroundRadius:0.025]]
[2021.12.27-20.12.21:203][  0]LogConfig: Setting CVar [[r.DOF.Kernel.MaxBackgroundRadius:0.025]]
[2021.12.27-20.12.21:203][  0]LogConfig: Applying CVar settings from Section [TextureQuality@3] File [C:/Users/Pukich/Documents/Unreal Projects/UE4_Courses/Saved/Config/Windows/Scalability.ini]
[2021.12.27-20.12.21:203][  0]LogConfig: Setting CVar [[r.Streaming.MipBias:0]]
[2021.12.27-20.12.21:203][  0]LogConfig: Setting CVar [[r.Streaming.AmortizeCPUToGPUCopy:0]]
[2021.12.27-20.12.21:203][  0]LogConfig: Setting CVar [[r.Streaming.MaxNumTexturesToStreamPerFrame:0]]
[2021.12.27-20.12.21:203][  0]LogConfig: Setting CVar [[r.Streaming.Boost:1]]
[2021.12.27-20.12.21:203][  0]LogConfig: Setting CVar [[r.MaxAnisotropy:8]]
[2021.12.27-20.12.21:203][  0]LogConfig: Setting CVar [[r.VT.MaxAnisotropy:8]]
[2021.12.27-20.12.21:203][  0]LogConfig: Setting CVar [[r.Streaming.LimitPoolSizeToVRAM:0]]
[2021.12.27-20.12.21:203][  0]LogConfig: Setting CVar [[r.Streaming.PoolSize:1000]]
[2021.12.27-20.12.21:203][  0]LogConfig: Setting CVar [[r.Streaming.MaxEffectiveScreenSize:0]]
[2021.12.27-20.12.21:203][  0]LogConfig: Applying CVar settings from Section [EffectsQuality@3] File [C:/Users/Pukich/Documents/Unreal Projects/UE4_Courses/Saved/Config/Windows/Scalability.ini]
[2021.12.27-20.12.21:203][  0]LogConfig: Setting CVar [[r.TranslucencyLightingVolumeDim:64]]
[2021.12.27-20.12.21:203][  0]LogConfig: Setting CVar [[r.RefractionQuality:2]]
[2021.12.27-20.12.21:203][  0]LogConfig: Setting CVar [[r.SSR.Quality:3]]
[2021.12.27-20.12.21:203][  0]LogConfig: Setting CVar [[r.SSR.HalfResSceneColor:0]]
[2021.12.27-20.12.21:204][  0]LogConfig: Setting CVar [[r.SceneColorFormat:4]]
[2021.12.27-20.12.21:204][  0]LogConfig: Setting CVar [[r.DetailMode:2]]
[2021.12.27-20.12.21:204][  0]LogConfig: Setting CVar [[r.TranslucencyVolumeBlur:1]]
[2021.12.27-20.12.21:204][  0]LogConfig: Setting CVar [[r.MaterialQualityLevel:1 ; High quality]]
[2021.12.27-20.12.21:204][  0]LogConfig: Setting CVar [[r.AnisotropicMaterials:1]]
[2021.12.27-20.12.21:204][  0]LogConfig: Setting CVar [[r.SSS.Scale:1]]
[2021.12.27-20.12.21:204][  0]LogConfig: Setting CVar [[r.SSS.SampleSet:2]]
[2021.12.27-20.12.21:204][  0]LogConfig: Setting CVar [[r.SSS.Quality:1]]
[2021.12.27-20.12.21:204][  0]LogConfig: Setting CVar [[r.SSS.HalfRes:0]]
[2021.12.27-20.12.21:204][  0]LogConfig: Setting CVar [[r.SSGI.Quality:3]]
[2021.12.27-20.12.21:204][  0]LogConfig: Setting CVar [[r.EmitterSpawnRateScale:1.0]]
[2021.12.27-20.12.21:204][  0]LogConfig: Setting CVar [[r.ParticleLightQuality:2]]
[2021.12.27-20.12.21:204][  0]LogConfig: Setting CVar [[r.SkyAtmosphere.AerialPerspectiveLUT.FastApplyOnOpaque:1 ; Always have FastSkyLUT 1 in this case to avoid wrong sky]]
[2021.12.27-20.12.21:204][  0]LogConfig: Setting CVar [[r.SkyAtmosphere.AerialPerspectiveLUT.SampleCountMaxPerSlice:4]]
[2021.12.27-20.12.21:204][  0]LogConfig: Setting CVar [[r.SkyAtmosphere.AerialPerspectiveLUT.DepthResolution:16.0]]
[2021.12.27-20.12.21:204][  0]LogConfig: Setting CVar [[r.SkyAtmosphere.FastSkyLUT:1]]
[2021.12.27-20.12.21:204][  0]LogConfig: Setting CVar [[r.SkyAtmosphere.FastSkyLUT.SampleCountMin:4.0]]
[2021.12.27-20.12.21:204][  0]LogConfig: Setting CVar [[r.SkyAtmosphere.FastSkyLUT.SampleCountMax:128.0]]
[2021.12.27-20.12.21:204][  0]LogConfig: Setting CVar [[r.SkyAtmosphere.SampleCountMin:4.0]]
[2021.12.27-20.12.21:204][  0]LogConfig: Setting CVar [[r.SkyAtmosphere.SampleCountMax:128.0]]
[2021.12.27-20.12.21:204][  0]LogConfig: Setting CVar [[r.SkyAtmosphere.TransmittanceLUT.UseSmallFormat:0]]
[2021.12.27-20.12.21:204][  0]LogConfig: Setting CVar [[r.SkyAtmosphere.TransmittanceLUT.SampleCount:10.0]]
[2021.12.27-20.12.21:204][  0]LogConfig: Setting CVar [[r.SkyAtmosphere.MultiScatteringLUT.SampleCount:15.0]]
[2021.12.27-20.12.21:204][  0]LogConfig: Setting CVar [[r.SkyLight.RealTimeReflectionCapture:1]]
[2021.12.27-20.12.21:204][  0]LogConfig: Applying CVar settings from Section [FoliageQuality@3] File [C:/Users/Pukich/Documents/Unreal Projects/UE4_Courses/Saved/Config/Windows/Scalability.ini]
[2021.12.27-20.12.21:204][  0]LogConfig: Setting CVar [[foliage.DensityScale:1.0]]
[2021.12.27-20.12.21:204][  0]LogConfig: Setting CVar [[grass.DensityScale:1.0]]
[2021.12.27-20.12.21:204][  0]LogConfig: Applying CVar settings from Section [ShadingQuality@3] File [C:/Users/Pukich/Documents/Unreal Projects/UE4_Courses/Saved/Config/Windows/Scalability.ini]
[2021.12.27-20.12.21:204][  0]LogConfig: Setting CVar [[r.HairStrands.SkyLighting.IntegrationType:2]]
[2021.12.27-20.12.21:204][  0]LogConfig: Setting CVar [[r.HairStrands.SkyAO.SampleCount:4]]
[2021.12.27-20.12.21:204][  0]LogConfig: Setting CVar [[r.HairStrands.Visibility.MSAA.SamplePerPixel:4]]
[2021.12.27-20.12.21:204][  0]LogInit: Selected Device Profile: [Windows]
[2021.12.27-20.12.21:204][  0]LogInit: Applying CVar settings loaded from the selected device profile: [Windows]
[2021.12.27-20.12.21:204][  0]LogHAL: Display: Platform has ~ 8 GB [8468402176 / 8589934592 / 8], which maps to Default [LargestMinGB=32, LargerMinGB=12, DefaultMinGB=8, SmallerMinGB=6, SmallestMinGB=0)
[2021.12.27-20.12.21:204][  0]LogInit: Going up to parent DeviceProfile []
[2021.12.27-20.12.21:204][  0]LogConfig: Applying CVar settings from Section [ViewDistanceQuality@3] File [C:/Users/Pukich/Documents/Unreal Projects/UE4_Courses/Saved/Config/Windows/Scalability.ini]
[2021.12.27-20.12.21:204][  0]LogConfig: Setting CVar [[r.SkeletalMeshLODBias:0]]
[2021.12.27-20.12.21:204][  0]LogConfig: Setting CVar [[r.ViewDistanceScale:1.0]]
[2021.12.27-20.12.21:204][  0]LogConfig: Applying CVar settings from Section [AntiAliasingQuality@3] File [C:/Users/Pukich/Documents/Unreal Projects/UE4_Courses/Saved/Config/Windows/Scalability.ini]
[2021.12.27-20.12.21:204][  0]LogConfig: Setting CVar [[r.PostProcessAAQuality:4]]
[2021.12.27-20.12.21:204][  0]LogConfig: Applying CVar settings from Section [ShadowQuality@3] File [C:/Users/Pukich/Documents/Unreal Projects/UE4_Courses/Saved/Config/Windows/Scalability.ini]
[2021.12.27-20.12.21:204][  0]LogConfig: Setting CVar [[r.LightFunctionQuality:1]]
[2021.12.27-20.12.21:204][  0]LogConfig: Setting CVar [[r.ShadowQuality:5]]
[2021.12.27-20.12.21:205][  0]LogConfig: Setting CVar [[r.Shadow.CSM.MaxCascades:10]]
[2021.12.27-20.12.21:205][  0]LogConfig: Setting CVar [[r.Shadow.MaxResolution:2048]]
[2021.12.27-20.12.21:205][  0]LogConfig: Setting CVar [[r.Shadow.MaxCSMResolution:2048]]
[2021.12.27-20.12.21:205][  0]LogConfig: Setting CVar [[r.Shadow.RadiusThreshold:0.01]]
[2021.12.27-20.12.21:205][  0]LogConfig: Setting CVar [[r.Shadow.DistanceScale:1.0]]
[2021.12.27-20.12.21:205][  0]LogConfig: Setting CVar [[r.Shadow.CSM.TransitionScale:1.0]]
[2021.12.27-20.12.21:205][  0]LogConfig: Setting CVar [[r.Shadow.PreShadowResolutionFactor:1.0]]
[2021.12.27-20.12.21:205][  0]LogConfig: Setting CVar [[r.DistanceFieldShadowing:1]]
[2021.12.27-20.12.21:205][  0]LogConfig: Setting CVar [[r.DistanceFieldAO:1]]
[2021.12.27-20.12.21:205][  0]LogConfig: Setting CVar [[r.AOQuality:2]]
[2021.12.27-20.12.21:205][  0]LogConfig: Setting CVar [[r.VolumetricFog:1]]
[2021.12.27-20.12.21:205][  0]LogConfig: Setting CVar [[r.VolumetricFog.GridPixelSize:8]]
[2021.12.27-20.12.21:205][  0]LogConfig: Setting CVar [[r.VolumetricFog.GridSizeZ:128]]
[2021.12.27-20.12.21:205][  0]LogConfig: Setting CVar [[r.VolumetricFog.HistoryMissSupersampleCount:4]]
[2021.12.27-20.12.21:205][  0]LogConfig: Setting CVar [[r.LightMaxDrawDistanceScale:1]]
[2021.12.27-20.12.21:205][  0]LogConfig: Setting CVar [[r.CapsuleShadows:1]]
[2021.12.27-20.12.21:205][  0]LogConfig: Applying CVar settings from Section [PostProcessQuality@3] File [C:/Users/Pukich/Documents/Unreal Projects/UE4_Courses/Saved/Config/Windows/Scalability.ini]
[2021.12.27-20.12.21:205][  0]LogConfig: Setting CVar [[r.MotionBlurQuality:4]]
[2021.12.27-20.12.21:205][  0]LogConfig: Setting CVar [[r.AmbientOcclusionMipLevelFactor:0.4]]
[2021.12.27-20.12.21:205][  0]LogConfig: Setting CVar [[r.AmbientOcclusionMaxQuality:100]]
[2021.12.27-20.12.21:205][  0]LogConfig: Setting CVar [[r.AmbientOcclusionLevels:-1]]
[2021.12.27-20.12.21:205][  0]LogConfig: Setting CVar [[r.AmbientOcclusionRadiusScale:1.0]]
[2021.12.27-20.12.21:205][  0]LogConfig: Setting CVar [[r.DepthOfFieldQuality:2]]
[2021.12.27-20.12.21:205][  0]LogConfig: Setting CVar [[r.RenderTargetPoolMin:400]]
[2021.12.27-20.12.21:205][  0]LogConfig: Setting CVar [[r.LensFlareQuality:2]]
[2021.12.27-20.12.21:205][  0]LogConfig: Setting CVar [[r.SceneColorFringeQuality:1]]
[2021.12.27-20.12.21:205][  0]LogConfig: Setting CVar [[r.EyeAdaptationQuality:2]]
[2021.12.27-20.12.21:205][  0]LogConfig: Setting CVar [[r.BloomQuality:5]]
[2021.12.27-20.12.21:205][  0]LogConfig: Setting CVar [[r.FastBlurThreshold:100]]
[2021.12.27-20.12.21:205][  0]LogConfig: Setting CVar [[r.Upscale.Quality:3]]
[2021.12.27-20.12.21:205][  0]LogConfig: Setting CVar [[r.Tonemapper.GrainQuantization:1]]
[2021.12.27-20.12.21:205][  0]LogConfig: Setting CVar [[r.LightShaftQuality:1]]
[2021.12.27-20.12.21:205][  0]LogConfig: Setting CVar [[r.Filter.SizeScale:1]]
[2021.12.27-20.12.21:205][  0]LogConfig: Setting CVar [[r.Tonemapper.Quality:5]]
[2021.12.27-20.12.21:205][  0]LogConfig: Setting CVar [[r.DOF.Gather.AccumulatorQuality:1        ; higher gathering accumulator quality]]
[2021.12.27-20.12.21:205][  0]LogConfig: Setting CVar [[r.DOF.Gather.PostfilterMethod:1          ; Median3x3 postfilering method]]
[2021.12.27-20.12.21:205][  0]LogConfig: Setting CVar [[r.DOF.Gather.EnableBokehSettings:0       ; no bokeh simulation when gathering]]
[2021.12.27-20.12.21:205][  0]LogConfig: Setting CVar [[r.DOF.Gather.RingCount:4                 ; medium number of samples when gathering]]
[2021.12.27-20.12.21:205][  0]LogConfig: Setting CVar [[r.DOF.Scatter.ForegroundCompositing:1    ; additive foreground scattering]]
[2021.12.27-20.12.21:205][  0]LogConfig: Setting CVar [[r.DOF.Scatter.BackgroundCompositing:2    ; additive background scattering]]
[2021.12.27-20.12.21:205][  0]LogConfig: Setting CVar [[r.DOF.Scatter.EnableBokehSettings:1      ; bokeh simulation when scattering]]
[2021.12.27-20.12.21:205][  0]LogConfig: Setting CVar [[r.DOF.Scatter.MaxSpriteRatio:0.1         ; only a maximum of 10% of scattered bokeh]]
[2021.12.27-20.12.21:205][  0]LogConfig: Setting CVar [[r.DOF.Recombine.Quality:1                ; cheap slight out of focus]]
[2021.12.27-20.12.21:205][  0]LogConfig: Setting CVar [[r.DOF.Recombine.EnableBokehSettings:0    ; no bokeh simulation on slight out of focus]]
[2021.12.27-20.12.21:205][  0]LogConfig: Setting CVar [[r.DOF.TemporalAAQuality:1                ; more stable temporal accumulation]]
[2021.12.27-20.12.21:205][  0]LogConfig: Setting CVar [[r.DOF.Kernel.MaxForegroundRadius:0.025]]
[2021.12.27-20.12.21:205][  0]LogConfig: Setting CVar [[r.DOF.Kernel.MaxBackgroundRadius:0.025]]
[2021.12.27-20.12.21:205][  0]LogConfig: Applying CVar settings from Section [TextureQuality@3] File [C:/Users/Pukich/Documents/Unreal Projects/UE4_Courses/Saved/Config/Windows/Scalability.ini]
[2021.12.27-20.12.21:205][  0]LogConfig: Setting CVar [[r.Streaming.MipBias:0]]
[2021.12.27-20.12.21:205][  0]LogConfig: Setting CVar [[r.Streaming.AmortizeCPUToGPUCopy:0]]
[2021.12.27-20.12.21:205][  0]LogConfig: Setting CVar [[r.Streaming.MaxNumTexturesToStreamPerFrame:0]]
[2021.12.27-20.12.21:205][  0]LogConfig: Setting CVar [[r.Streaming.Boost:1]]
[2021.12.27-20.12.21:205][  0]LogConfig: Setting CVar [[r.MaxAnisotropy:8]]
[2021.12.27-20.12.21:205][  0]LogConfig: Setting CVar [[r.VT.MaxAnisotropy:8]]
[2021.12.27-20.12.21:205][  0]LogConfig: Setting CVar [[r.Streaming.LimitPoolSizeToVRAM:0]]
[2021.12.27-20.12.21:205][  0]LogConfig: Setting CVar [[r.Streaming.PoolSize:1000]]
[2021.12.27-20.12.21:205][  0]LogConfig: Setting CVar [[r.Streaming.MaxEffectiveScreenSize:0]]
[2021.12.27-20.12.21:205][  0]LogConfig: Applying CVar settings from Section [EffectsQuality@3] File [C:/Users/Pukich/Documents/Unreal Projects/UE4_Courses/Saved/Config/Windows/Scalability.ini]
[2021.12.27-20.12.21:205][  0]LogConfig: Setting CVar [[r.TranslucencyLightingVolumeDim:64]]
[2021.12.27-20.12.21:206][  0]LogConfig: Setting CVar [[r.RefractionQuality:2]]
[2021.12.27-20.12.21:206][  0]LogConfig: Setting CVar [[r.SSR.Quality:3]]
[2021.12.27-20.12.21:206][  0]LogConfig: Setting CVar [[r.SSR.HalfResSceneColor:0]]
[2021.12.27-20.12.21:206][  0]LogConfig: Setting CVar [[r.SceneColorFormat:4]]
[2021.12.27-20.12.21:206][  0]LogConfig: Setting CVar [[r.DetailMode:2]]
[2021.12.27-20.12.21:206][  0]LogConfig: Setting CVar [[r.TranslucencyVolumeBlur:1]]
[2021.12.27-20.12.21:206][  0]LogConfig: Setting CVar [[r.MaterialQualityLevel:1 ; High quality]]
[2021.12.27-20.12.21:206][  0]LogConfig: Setting CVar [[r.AnisotropicMaterials:1]]
[2021.12.27-20.12.21:206][  0]LogConfig: Setting CVar [[r.SSS.Scale:1]]
[2021.12.27-20.12.21:206][  0]LogConfig: Setting CVar [[r.SSS.SampleSet:2]]
[2021.12.27-20.12.21:206][  0]LogConfig: Setting CVar [[r.SSS.Quality:1]]
[2021.12.27-20.12.21:206][  0]LogConfig: Setting CVar [[r.SSS.HalfRes:0]]
[2021.12.27-20.12.21:206][  0]LogConfig: Setting CVar [[r.SSGI.Quality:3]]
[2021.12.27-20.12.21:206][  0]LogConfig: Setting CVar [[r.EmitterSpawnRateScale:1.0]]
[2021.12.27-20.12.21:206][  0]LogConfig: Setting CVar [[r.ParticleLightQuality:2]]
[2021.12.27-20.12.21:206][  0]LogConfig: Setting CVar [[r.SkyAtmosphere.AerialPerspectiveLUT.FastApplyOnOpaque:1 ; Always have FastSkyLUT 1 in this case to avoid wrong sky]]
[2021.12.27-20.12.21:206][  0]LogConfig: Setting CVar [[r.SkyAtmosphere.AerialPerspectiveLUT.SampleCountMaxPerSlice:4]]
[2021.12.27-20.12.21:206][  0]LogConfig: Setting CVar [[r.SkyAtmosphere.AerialPerspectiveLUT.DepthResolution:16.0]]
[2021.12.27-20.12.21:206][  0]LogConfig: Setting CVar [[r.SkyAtmosphere.FastSkyLUT:1]]
[2021.12.27-20.12.21:206][  0]LogConfig: Setting CVar [[r.SkyAtmosphere.FastSkyLUT.SampleCountMin:4.0]]
[2021.12.27-20.12.21:206][  0]LogConfig: Setting CVar [[r.SkyAtmosphere.FastSkyLUT.SampleCountMax:128.0]]
[2021.12.27-20.12.21:206][  0]LogConfig: Setting CVar [[r.SkyAtmosphere.SampleCountMin:4.0]]
[2021.12.27-20.12.21:206][  0]LogConfig: Setting CVar [[r.SkyAtmosphere.SampleCountMax:128.0]]
[2021.12.27-20.12.21:206][  0]LogConfig: Setting CVar [[r.SkyAtmosphere.TransmittanceLUT.UseSmallFormat:0]]
[2021.12.27-20.12.21:206][  0]LogConfig: Setting CVar [[r.SkyAtmosphere.TransmittanceLUT.SampleCount:10.0]]
[2021.12.27-20.12.21:206][  0]LogConfig: Setting CVar [[r.SkyAtmosphere.MultiScatteringLUT.SampleCount:15.0]]
[2021.12.27-20.12.21:206][  0]LogConfig: Setting CVar [[r.SkyLight.RealTimeReflectionCapture:1]]
[2021.12.27-20.12.21:206][  0]LogConfig: Applying CVar settings from Section [FoliageQuality@3] File [C:/Users/Pukich/Documents/Unreal Projects/UE4_Courses/Saved/Config/Windows/Scalability.ini]
[2021.12.27-20.12.21:206][  0]LogConfig: Setting CVar [[foliage.DensityScale:1.0]]
[2021.12.27-20.12.21:206][  0]LogConfig: Setting CVar [[grass.DensityScale:1.0]]
[2021.12.27-20.12.21:206][  0]LogConfig: Applying CVar settings from Section [ShadingQuality@3] File [C:/Users/Pukich/Documents/Unreal Projects/UE4_Courses/Saved/Config/Windows/Scalability.ini]
[2021.12.27-20.12.21:206][  0]LogConfig: Setting CVar [[r.HairStrands.SkyLighting.IntegrationType:2]]
[2021.12.27-20.12.21:206][  0]LogConfig: Setting CVar [[r.HairStrands.SkyAO.SampleCount:4]]
[2021.12.27-20.12.21:206][  0]LogConfig: Setting CVar [[r.HairStrands.Visibility.MSAA.SamplePerPixel:4]]
[2021.12.27-20.12.21:206][  0]LogConfig: Applying CVar settings from Section [Startup] File [../../../Engine/Config/ConsoleVariables.ini]
[2021.12.27-20.12.21:208][  0]LogConfig: Setting CVar [[net.UseAdaptiveNetUpdateFrequency:0]]
[2021.12.27-20.12.21:208][  0]LogConfig: Setting CVar [[p.chaos.AllowCreatePhysxBodies:1]]
[2021.12.27-20.12.21:208][  0]LogConfig: Setting CVar [[fx.SkipVectorVMBackendOptimizations:1]]
[2021.12.27-20.12.21:208][  0]LogConfig: Applying CVar settings from Section [ConsoleVariables] File [C:/Users/Pukich/Documents/Unreal Projects/UE4_Courses/Saved/Config/Windows/Engine.ini]
[2021.12.27-20.12.21:208][  0]LogConfig: Applying CVar settings from Section [ConsoleVariables] File [C:/Users/Pukich/Documents/Unreal Projects/UE4_Courses/Saved/Config/Windows/Editor.ini]
[2021.12.27-20.12.21:208][  0]LogInit: Computer: DESKTOP-P8SKK2P
[2021.12.27-20.12.21:208][  0]LogInit: User: Pukich
[2021.12.27-20.12.21:208][  0]LogInit: CPU Page size=4096, Cores=4
[2021.12.27-20.12.21:208][  0]LogInit: High frequency timer resolution =10.000000 MHz
[2021.12.27-20.12.21:208][  0]LogMemory: Memory total: Physical=7.9GB (8GB approx)
[2021.12.27-20.12.21:208][  0]LogMemory: Platform Memory Stats for Windows
[2021.12.27-20.12.21:208][  0]LogMemory: Process Physical Memory: 144.06 MB used, 144.06 MB peak
[2021.12.27-20.12.21:208][  0]LogMemory: Process Virtual Memory: 114.44 MB used, 114.44 MB peak
[2021.12.27-20.12.21:208][  0]LogMemory: Physical Memory: 6719.36 MB used,  1356.73 MB free, 8076.10 MB total
[2021.12.27-20.12.21:208][  0]LogMemory: Virtual Memory: 134206784.00 MB used,  10943.41 MB free, 134217728.00 MB total
[2021.12.27-20.12.21:217][  0]LogWindows: WindowsPlatformFeatures enabled
[2021.12.27-20.12.21:280][  0]LogInit: Physics initialised using underlying interface: PhysX
[2021.12.27-20.12.21:281][  0]LogInit: Using OS detected language (ru-RU).
[2021.12.27-20.12.21:281][  0]LogInit: Using OS detected locale (ru-RU).
[2021.12.27-20.12.21:287][  0]LogTextLocalizationManager: No specific localization for 'ru-RU' exists, so the 'ru' localization will be used.
[2021.12.27-20.12.21:292][  0]LogTextLocalizationResource: LocRes '../../../Engine/Content/Localization/Editor/ru/Editor.locres' could not be opened for reading!
[2021.12.27-20.12.21:292][  0]LogTextLocalizationResource: LocRes '../../../Engine/Content/Localization/EditorTutorials/ru/EditorTutorials.locres' could not be opened for reading!
[2021.12.27-20.12.21:292][  0]LogTextLocalizationResource: LocRes '../../../Engine/Content/Localization/Keywords/ru/Keywords.locres' could not be opened for reading!
[2021.12.27-20.12.21:292][  0]LogTextLocalizationResource: LocRes '../../../Engine/Content/Localization/Category/ru/Category.locres' could not be opened for reading!
[2021.12.27-20.12.21:292][  0]LogTextLocalizationResource: LocRes '../../../Engine/Content/Localization/ToolTips/ru/ToolTips.locres' could not be opened for reading!
[2021.12.27-20.12.21:292][  0]LogTextLocalizationResource: LocRes '../../../Engine/Content/Localization/PropertyNames/ru/PropertyNames.locres' could not be opened for reading!
[2021.12.27-20.12.21:292][  0]LogTextLocalizationResource: LocRes '../../../Engine/Content/Localization/Engine/ru/Engine.locres' could not be opened for reading!
[2021.12.27-20.12.21:316][  0]LogWindowsTextInputMethodSystem: Display: IME system deactivated.
[2021.12.27-20.12.21:350][  0]LogSlate: New Slate User Created.  User Index 0, Is Virtual User: 0
[2021.12.27-20.12.21:350][  0]LogSlate: Slate User Registered.  User Index 0, Is Virtual User: 0
[2021.12.27-20.12.21:376][  0]LogD3D11RHI: Loaded GFSDK_Aftermath_Lib.x64.dll
[2021.12.27-20.12.21:426][  0]LogHMD: Failed to initialize OpenVR with code 110
[2021.12.27-20.12.21:426][  0]LogD3D11RHI: D3D11 min allowed feature level: 11_0
[2021.12.27-20.12.21:426][  0]LogD3D11RHI: D3D11 max allowed feature level: 11_0
[2021.12.27-20.12.21:426][  0]LogD3D11RHI: D3D11 adapters:
[2021.12.27-20.12.21:523][  0]LogD3D11RHI:    0. 'NVIDIA GeForce MX250' (Feature Level 11_0)
[2021.12.27-20.12.21:523][  0]LogD3D11RHI:       1983/0/4038 MB DedicatedVideo/DedicatedSystem/SharedSystem, Outputs:1, VendorId:0x10de
[2021.12.27-20.12.21:556][  0]LogD3D11RHI:    1. 'Intel(R) UHD Graphics 620' (Feature Level 11_0)
[2021.12.27-20.12.21:556][  0]LogD3D11RHI:       128/0/4038 MB DedicatedVideo/DedicatedSystem/SharedSystem, Outputs:0, VendorId:0x8086
[2021.12.27-20.12.21:558][  0]LogD3D11RHI:    2. 'Microsoft Basic Render Driver' (Feature Level 11_0)
[2021.12.27-20.12.21:558][  0]LogD3D11RHI:       0/0/4038 MB DedicatedVideo/DedicatedSystem/SharedSystem, Outputs:0, VendorId:0x1414
[2021.12.27-20.12.21:559][  0]LogD3D11RHI: Chosen D3D11 Adapter: 0
[2021.12.27-20.12.21:617][  0]LogD3D11RHI: Creating new Direct3DDevice
[2021.12.27-20.12.21:618][  0]LogD3D11RHI:     GPU DeviceId: 0x1d52 (for the marketing name, search the web for "GPU Device Id")
[2021.12.27-20.12.21:618][  0]LogWindows: EnumDisplayDevices:
[2021.12.27-20.12.21:618][  0]LogWindows:    0. 'Intel(R) UHD Graphics 620' (P:1 D:1)
[2021.12.27-20.12.21:618][  0]LogWindows:    1. 'Intel(R) UHD Graphics 620' (P:0 D:0)
[2021.12.27-20.12.21:618][  0]LogWindows:    2. 'Intel(R) UHD Graphics 620' (P:0 D:0)
[2021.12.27-20.12.21:619][  0]LogWindows: DebugString: PrimaryIsNotTheChoosenAdapter PrimaryIsNotTheChoosenAdapter PrimaryIsNotTheChoosenAdapter FoundDriverCount:0 
[2021.12.27-20.12.21:619][  0]LogD3D11RHI:     Adapter Name: NVIDIA GeForce MX250
[2021.12.27-20.12.21:619][  0]LogD3D11RHI:   Driver Version: Unknown (internal:Unknown, unified:Unknown)
[2021.12.27-20.12.21:619][  0]LogD3D11RHI:      Driver Date: Unknown
[2021.12.27-20.12.21:619][  0]LogRHI: Texture pool is 1388 MB (70% of 1983 MB)
[2021.12.27-20.12.21:690][  0]LogD3D11RHI: RHI has support for 64 bit atomics
[2021.12.27-20.12.21:690][  0]LogD3D11RHI: Async texture creation enabled
[2021.12.27-20.12.21:690][  0]LogD3D11RHI: Array index from any shader is supported
[2021.12.27-20.12.21:707][  0]LogD3D11RHI: GPU Timing Frequency: 1000.000000 (Debug: 2 1)
[2021.12.27-20.12.21:763][  0]LogRHI: GeForceNow SDK initialized: 1
[2021.12.27-20.12.22:151][  0]LogTargetPlatformManager: Display: Loaded TargetPlatform 'WindowsNoEditor'
[2021.12.27-20.12.22:157][  0]LogTargetPlatformManager: Display: Loaded TargetPlatform 'Windows'
[2021.12.27-20.12.22:162][  0]LogTargetPlatformManager: Display: Loaded TargetPlatform 'WindowsClient'
[2021.12.27-20.12.22:168][  0]LogTargetPlatformManager: Display: Loaded TargetPlatform 'WindowsServer'
[2021.12.27-20.12.22:168][  0]LogTargetPlatformManager: Display: Building Assets For Windows
[2021.12.27-20.12.22:176][  0]LogAudioDebug: Display: Lib vorbis DLL was dynamically loaded.
[2021.12.27-20.12.22:206][  0]LogTextureFormatOodle: Display: Oodle Texture 2.9.0 init RDO Off
[2021.12.27-20.12.22:237][  0]LogRendererCore: Ray tracing is disabled. Reason: r.RayTracing=0.
[2021.12.27-20.12.22:237][  0]LogShaderCompilers: Guid format shader working directory is -22 characters bigger than the processId version (../../../../../../Users/Pukich/Documents/Unreal Projects/UE4_Courses/Intermediate/Shaders/WorkingDirectory/10876/).
[2021.12.27-20.12.22:237][  0]LogShaderCompilers: Cleaned the shader compiler working directory 'C:/Users/Pukich/AppData/Local/Temp/UnrealShaderWorkingDir/AC19E5424F451E622A3940A994C228C9/'.
[2021.12.27-20.12.22:238][  0]LogXGEController: Cannot use XGE Controller as Incredibuild is not installed on this machine.
[2021.12.27-20.12.22:238][  0]LogShaderCompilers: Cannot use XGE Shader Compiler as Incredibuild is not installed on this machine.
[2021.12.27-20.12.22:238][  0]LogShaderCompilers: Display: Using Local Shader Compiler.
[2021.12.27-20.12.23:091][  0]LogDerivedDataCache: Display: Max Cache Size: 512 MB
[2021.12.27-20.12.23:172][  0]LogDerivedDataCache: Loaded boot cache 0.08s 95MB C:/Users/Pukich/AppData/Local/UnrealEngine/4.27/DerivedDataCache/Boot.ddc.
[2021.12.27-20.12.23:172][  0]LogDerivedDataCache: Display: Loaded Boot cache: C:/Users/Pukich/AppData/Local/UnrealEngine/4.27/DerivedDataCache/Boot.ddc
[2021.12.27-20.12.23:172][  0]LogDerivedDataCache: FDerivedDataBackendGraph:  Pak pak cache file ../../../../../../Users/Pukich/Documents/Unreal Projects/UE4_Courses/DerivedDataCache/DDC.ddp not found, will not use a pak cache.
[2021.12.27-20.12.23:172][  0]LogDerivedDataCache: Unable to find inner node Pak for hierarchical cache Hierarchy.
[2021.12.27-20.12.23:172][  0]LogDerivedDataCache: FDerivedDataBackendGraph:  CompressedPak pak cache file ../../../../../../Users/Pukich/Documents/Unreal Projects/UE4_Courses/DerivedDataCache/Compressed.ddp not found, will not use a pak cache.
[2021.12.27-20.12.23:172][  0]LogDerivedDataCache: Unable to find inner node CompressedPak for hierarchical cache Hierarchy.
[2021.12.27-20.12.23:193][  0]LogDerivedDataCache: Display: Pak cache opened for reading ../../../Engine/DerivedDataCache/Compressed.ddp.
[2021.12.27-20.12.23:193][  0]LogDerivedDataCache: FDerivedDataBackendGraph:  EnterprisePak pak cache file ../../../Enterprise/DerivedDataCache/Compressed.ddp not found, will not use a pak cache.
[2021.12.27-20.12.23:193][  0]LogDerivedDataCache: Unable to find inner node EnterprisePak for hierarchical cache Hierarchy.
[2021.12.27-20.12.23:204][  0]LogDerivedDataCache: Speed tests for C:/Users/Pukich/AppData/Local/UnrealEngine/Common/DerivedDataCache took 0.01 seconds
[2021.12.27-20.12.23:204][  0]LogDerivedDataCache: Display: Performance to C:/Users/Pukich/AppData/Local/UnrealEngine/Common/DerivedDataCache: Latency=0.02ms. RandomReadSpeed=206.76MBs, RandomWriteSpeed=172.28MBs. Assigned SpeedClass 'Local'
[2021.12.27-20.12.23:204][  0]LogDerivedDataCache: Using Local data cache path C:/Users/Pukich/AppData/Local/UnrealEngine/Common/DerivedDataCache: Writable
[2021.12.27-20.12.23:204][  0]LogDerivedDataCache: Shared data cache path not found in *engine.ini, will not use an Shared cache.
[2021.12.27-20.12.23:205][  0]LogDerivedDataCache: Unable to find inner node Shared for hierarchical cache Hierarchy.
[2021.12.27-20.12.23:248][  0]LogSlate: Using FreeType 2.10.0
[2021.12.27-20.12.23:249][  0]LogSlate: SlateFontServices - WITH_FREETYPE: 1, WITH_HARFBUZZ: 1
[2021.12.27-20.12.23:373][  0]LogInit: Using OS detected language (ru-RU).
[2021.12.27-20.12.23:373][  0]LogInit: Using OS detected locale (ru-RU).
[2021.12.27-20.12.23:373][  0]LogTextLocalizationManager: No localization for 'ru-RU' exists, so 'en' will be used for the language.
[2021.12.27-20.12.23:373][  0]LogTextLocalizationManager: No localization for 'ru-RU' exists, so 'en' will be used for the locale.
[2021.12.27-20.12.23:374][  0]LogSlate: FontCache flush requested. Reason: Culture for localization was changed
[2021.12.27-20.12.23:374][  0]LogSlate: FontCache flush requested. Reason: Culture for localization was changed
[2021.12.27-20.12.23:377][  0]LogAssetRegistry: FAssetRegistry took 0.0025 seconds to start up
[2021.12.27-20.12.23:584][  0]LogTextLocalizationManager: Compacting localization data took   0.00ms
[2021.12.27-20.12.23:584][  0]LogPackageLocalizationCache: Processed 27 localized package path(s) for 1 prioritized culture(s) in 0.002082 seconds
[2021.12.27-20.12.23:673][  0]LogInit: Selected Device Profile: [Windows]
[2021.12.27-20.12.23:673][  0]LogInit: Active device profile: [000001E88E0E2D00][000001E88408AF40 49] Windows
[2021.12.27-20.12.23:673][  0]LogInit: Profiles: [000001E88E0E2D00][000001E88408AF40 49] Windows, [000001E88E081B00][000001E88E9FD0C0 49] WindowsNoEditor, [000001E88E0E2000][000001E88EA01240 49] WindowsServer, [000001E88E082700][000001E88EA053C0 49] WindowsClient, [000001E88E0E1A00][000001E88EA09540 49] IOS, [000001E88E081500][000001E88EA0D6C0 49] iPadAir, [000001E88E0E3000][000001E88E9F9800 49] iPadAir2, [000001E88E01D200][000001E88EA15A40 49] IPadPro, [000001E88E01D300][000001E88EA11A80 49] iPadAir3, [000001E88E083400][000001E88EA1DC00 49] iPadAir4, [000001E88E01E000][000001E88EA20200 49] iPadMini2, [000001E88E081900][000001E88EA24380 49] iPadMini3, [000001E88E01EB00][000001E88EA28500 49] iPadMini4, [000001E88E083300][000001E88EA2C680 49] iPadMini5, [000001E88E03CB00][000001E88EA34940 49] iPhone6, [000001E88E03CC00][000001E88EA30980 49] iPodTouch6, [000001E88E0E0500][000001E88EA3CC40 49] iPhone7, [000001E88E0E3800][000001E88EA38C80 49] iPodTouch7, [000001E88E01FC00][000001E88EA40E00 49] iPhone5S, [000001E88E03C100][000001E88EA44F80 49] iPhone6Plus, [000001E88E0E2500][000001E88EA49100 49] iPhone6S, [000001E88E03D400][000001E88EA4D280 49] iPhone6SPlus, [000001E88E01F300][000001E88EA51400 49] iPhone7Plus, [000001E88E03EB00][000001E88EA55580 49] iPhoneSE, [000001E88E01ED00][000001E88EA59700 49] iPhone8, [000001E88E03FA00][000001E88EA5D880 49] iPhone8Plus, [000001E88E01FB00][000001E88EA199C0 49] iPhoneX, [000001E88E03DD00][000001E88EA61B00 49] iPhoneXS, [000001E88E01F800][000001E88EA640C0 49] iPhoneXSMax, [000001E88E03F500][000001E88EA6C240 49] iPhoneXR, [000001E88E01CB00][000001E88EA703C0 49] iPhone11, [000001E88E03E200][000001E88EA74540 49] iPhone11Pro, [000001E88E01E400][000001E88EA786C0 49] iPhone11ProMax, [000001E88E03D300][000001E88EA7C840 49] iPhoneSE2, [000001E88E01D600][000001E88EA809C0 49] iPhone12Mini, [000001E88E03FE00][000001E88EA84B40 49] iPhone12, [000001E88E01C600][000001E88EA88CC0 49] iPhone12Pro, [000001E88E03D900][000001E88EA8CE40 49] iPhone12ProMax, [000001E88E01DA00][000001E88EA90FC0 49] iPadPro105, [000001E88E03F200][000001E88EA95140 49] iPadPro129, [000001E88E01CA00][000001E88EA992C0 49] iPadPro97, [000001E88E03D700][000001E88EA9D440 49] iPadPro2_129, [000001E88E01DD00][000001E88EAA15C0 49] iPad5, [000001E88E03DC00][000001E88EAA5740 49] iPad6, [000001E88E01F000][000001E88EAA98C0 49] iPad7, [000001E88E03FD00][000001E88EAADA40 49] iPad8, [000001E88E01FD00][000001E88EA69B80 49] iPadPro11, [000001E88E03E300][000001E88EAB0140 49] iPadPro2_11, [000001E88E01D400][000001E88EAB4280 49] iPadPro3_129, [000001E88E03EA00][000001E88EAB83C0 49] iPadPro4_129, [000001E88E01FF00][000001E88EAC0540 49] AppleTV, [000001E88E03CD00][000001E88EAC46C0 49] AppleTV4K, [000001E88E01D900][000001E88EAC8840 49] TVOS, [000001E88E03F700][000001E88EACC9C0 49] Mac, [000001E88E01CC00][000001E88EAD0B40 49] MacClient, [000001E88E03E400][000001E88EAD4CC0 49] MacNoEditor, [000001E88E01DB00][000001E88EAD8E40 49] MacServer, [000001E88E03F300][000001E88EADCFC0 49] Linux, [000001E88E01FA00][000001E88EAE1140 49] LinuxAArch64, [000001E88E03F600][000001E88EAE52C0 49] LinuxNoEditor, [000001E88E01D100][000001E88EAE9440 49] LinuxAArch64NoEditor, [000001E88E03ED00][000001E88EAED5C0 49] LinuxClient, [000001E88E01C400][000001E88EAF1740 49] LinuxAArch64Client, [000001E88E03C700][000001E88EAF58C0 49] LinuxServer, [000001E88E01C300][000001E88EAF9A40 49] LinuxAArch64Server, [000001E88E03E600][000001E88EAFDBC0 49] Android, [000001E88E01C900][000001E88EABC180 49] Android_Low, [000001E88E03F800][000001E88EB002C0 49] Android_Mid, [000001E88E01FE00][000001E88EB04400 49] Android_High, [000001E88E03EF00][000001E88EB08540 49] Android_Default, [000001E88E01E300][000001E88EB106C0 49] Android_Adreno4xx, [000001E88E03D200][000001E88EB14840 49] Android_Adreno5xx_Low, [000001E88E01E800][000001E88EB189C0 49] Android_Adreno5xx, [000001E88E03D600][000001E88EB1CB40 49] Android_Adreno6xx, [000001E88E083500][000001E88EB20CC0 49] Android_Adreno6xx_Vulkan, [000001E88E0E0C00][000001E88EB24E40 49] Android_Mali_T6xx, [000001E88E082000][000001E88EB28FC0 49] Android_Mali_T7xx, [000001E88E0E0A00][000001E88EB2D140 49] Android_Mali_T8xx, [000001E88E083F00][000001E88EB312C0 49] Android_Mali_G71, [000001E88E0E1500][000001E88EB35440 49] Android_Mali_G72, [000001E88E080500][000001E88EB395C0 49] Android_Mali_G72_Vulkan, [000001E88E0E2200][000001E88EB3D740 49] Android_Mali_G76, [000001E88E083E00][000001E88EB418C0 49] Android_Mali_G76_Vulkan, [000001E88E0E1900][000001E88EB45A40 49] Android_Mali_G77, [000001E88E083000][000001E88EB49BC0 49] Android_Mali_G77_Vulkan, [000001E88E0E1700][000001E88EB4C1C0 49] Android_Mali_G78, [000001E88E081600][000001E88EB50340 49] Android_Mali_G78_Vulkan, [000001E88E0E1F00][000001E88EB0C480 49] Android_Mali_G710, [000001E88E083100][000001E88EB545C0 49] Android_Mali_G710_Vulkan, [000001E88E0E3500][000001E88EB58700 49] Android_Vulkan_SM5, [000001E88E082B00][000001E88EB60880 49] Android_PowerVR_G6xxx, [000001E88E0E3C00][000001E88EB64A00 49] Android_PowerVR_GT7xxx, [000001E88E082500][000001E88EB68B80 49] Android_PowerVR_GE8xxx, [000001E88E0E3300][000001E88EB6CD00 49] Android_PowerVR_GM9xxx, [000001E88E082200][000001E88EB70E80 49] Android_PowerVR_GM9xxx_Vulkan, [000001E88E0E3B00][000001E88EB75000 49] Android_TegraK1, [000001E88E083B00][000001E88EB79180 49] Android_Unknown_Vulkan, [000001E88E0E2B00][000001E88EB7D300 49] Lumin, [000001E88E03CA00][000001E88EB81480 49] Lumin_Desktop, [000001E88E0E2600][000001E88EB85600 49] HoloLens, 
[2021.12.27-20.12.23:715][  0]LogMeshReduction: Using QuadricMeshReduction for automatic static mesh reduction
[2021.12.27-20.12.23:715][  0]LogMeshReduction: Using SimplygonMeshReduction for automatic skeletal mesh reduction
[2021.12.27-20.12.23:715][  0]LogMeshReduction: Using ProxyLODMeshReduction for automatic mesh merging
[2021.12.27-20.12.23:715][  0]LogMeshReduction: No distributed automatic mesh merging module available
[2021.12.27-20.12.23:715][  0]LogMeshMerging: No distributed automatic mesh merging module available
[2021.12.27-20.12.23:836][  0]LogNetVersion: CCC 1.0.0, NetCL: 17155196, EngineNetVer: 17, GameNetVer: 0 (Checksum: 3572738571)
[2021.12.27-20.12.24:182][  0]LogTexture: Default maximum texture size for cubemaps generated from long-lat sources has been changed from 512 to unlimited. In order to preserve old behaiour for '/Engine/MapTemplates/Sky/DaylightAmbientCubemap.DaylightAmbientCubemap', its maximum texture size has been explicitly set to 512.
[2021.12.27-20.12.24:274][  0]LogHMD: PokeAHoleMaterial loaded successfully
[2021.12.27-20.12.24:450][  0]LogMoviePlayer: Initializing movie player
[2021.12.27-20.12.24:572][  0]LogNiagaraDebuggerClient: Niagara Debugger Client Initialized | Session: 4A9520F84E49DFF4AB069FAA8B6D87B7 | Instance: BBBE927B4A6BAC207AB29E84180829BD (DESKTOP-P8SKK2P-10876).
[2021.12.27-20.12.24:605][  0]LogCollectionManager: Loaded 0 collections in 0.002224 seconds
[2021.12.27-20.12.24:608][  0]LogFileCache: Scanning file cache for directory 'C:/Users/Pukich/Documents/Unreal Projects/UE4_Courses/Saved/Collections/' took 0.00s
[2021.12.27-20.12.24:608][  0]LogFileCache: Scanning file cache for directory 'C:/Users/Pukich/Documents/Unreal Projects/UE4_Courses/Content/Developers/Pukich/Collections/' took 0.00s
[2021.12.27-20.12.24:608][  0]LogFileCache: Scanning file cache for directory 'C:/Users/Pukich/Documents/Unreal Projects/UE4_Courses/Content/Collections/' took 0.00s
[2021.12.27-20.12.24:608][  0]LogCollectionManager: Fixed up redirectors for 0 collections in 0.000004 seconds (updated 0 objects)
[2021.12.27-20.12.24:756][  0]LogStreaming: Warning: Failed to read file '../../../Engine/Content/Editor/Slate/Niagara/MenuSeparator.png' error.
[2021.12.27-20.12.24:756][  0]LogSlate: Could not find file for Slate resource: ../../../Engine/Content/Editor/Slate/Niagara/MenuSeparator.png
[2021.12.27-20.12.24:756][  0]LogStreaming: Warning: Failed to read file '../../../Engine/Content/Editor/Slate/Niagara/Common/Selector.png' error.
[2021.12.27-20.12.24:756][  0]LogSlate: Could not find file for Slate resource: ../../../Engine/Content/Editor/Slate/Niagara/Common/Selector.png
[2021.12.27-20.12.24:756][  0]LogStreaming: Warning: Failed to read file '../../../Engine/Content/Editor/Slate/Niagara/Common/Selection.png' error.
[2021.12.27-20.12.24:756][  0]LogSlate: Could not find file for Slate resource: ../../../Engine/Content/Editor/Slate/Niagara/Common/Selection.png
[2021.12.27-20.12.24:756][  0]LogStreaming: Warning: Failed to read file '../../../Engine/Content/Editor/Slate/Niagara/Common/DropZoneIndicator_Above.png' error.
[2021.12.27-20.12.24:756][  0]LogSlate: Could not find file for Slate resource: ../../../Engine/Content/Editor/Slate/Niagara/Common/DropZoneIndicator_Above.png
[2021.12.27-20.12.24:756][  0]LogStreaming: Warning: Failed to read file '../../../Engine/Content/Editor/Slate/Niagara/Common/DropZoneIndicator_Onto.png' error.
[2021.12.27-20.12.24:756][  0]LogSlate: Could not find file for Slate resource: ../../../Engine/Content/Editor/Slate/Niagara/Common/DropZoneIndicator_Onto.png
[2021.12.27-20.12.24:756][  0]LogStreaming: Warning: Failed to read file '../../../Engine/Content/Editor/Slate/Niagara/Common/DropZoneIndicator_Below.png' error.
[2021.12.27-20.12.24:756][  0]LogSlate: Could not find file for Slate resource: ../../../Engine/Content/Editor/Slate/Niagara/Common/DropZoneIndicator_Below.png
[2021.12.27-20.12.24:756][  0]LogStreaming: Warning: Failed to read file '../../../Engine/Content/Editor/Slate/Niagara/Common/RoundedSelection_16x.png' error.
[2021.12.27-20.12.24:756][  0]LogSlate: Could not find file for Slate resource: ../../../Engine/Content/Editor/Slate/Niagara/Common/RoundedSelection_16x.png
[2021.12.27-20.12.24:756][  0]LogStreaming: Warning: Failed to read file '../../../Engine/Content/Editor/Slate/Niagara/Common/FlatButton.png' error.
[2021.12.27-20.12.24:756][  0]LogSlate: Could not find file for Slate resource: ../../../Engine/Content/Editor/Slate/Niagara/Common/FlatButton.png
[2021.12.27-20.12.24:756][  0]LogImageWrapper: Warning: PNG Warning: Duplicate iCCP chunk
[2021.12.27-20.12.24:756][  0]LogImageWrapper: Warning: PNG Warning: Duplicate iCCP chunk
[2021.12.27-20.12.24:756][  0]LogTcpMessaging: Initializing TcpMessaging bridge
[2021.12.27-20.12.24:766][  0]LogUdpMessaging: Initializing bridge on interface 0.0.0.0:0 to multicast group 230.0.0.1:6666.
[2021.12.27-20.12.24:833][  0]LogPython: Using Python 3.7.7
[2021.12.27-20.12.25:445][  0]LogAndroidPermission: UAndroidPermissionCallbackProxy::GetInstance
[2021.12.27-20.12.25:470][  0]LogAudioCaptureCore: Display: No Audio Capture implementations found. Audio input will be silent.
[2021.12.27-20.12.25:470][  0]LogAudioCaptureCore: Display: No Audio Capture implementations found. Audio input will be silent.
[2021.12.27-20.12.25:622][  0]LogOpenImageDenoise: OIDN starting up
[2021.12.27-20.12.25:670][  0]SourceControl: Source control is disabled
[2021.12.27-20.12.25:670][  0]SourceControl: Source control is disabled
[2021.12.27-20.12.25:673][  0]SourceControl: Source control is disabled
[2021.12.27-20.12.25:680][  0]LogUProjectInfo: Found projects:
[2021.12.27-20.12.25:712][  0]LogOcInput: OculusInput pre-init called
[2021.12.27-20.12.25:723][  0]LogUObjectArray: 22121 objects as part of root set at end of initial load.
[2021.12.27-20.12.25:723][  0]LogUObjectAllocator: 5975440 out of 0 bytes used by permanent object pool.
[2021.12.27-20.12.25:723][  0]LogUObjectArray: CloseDisregardForGC: 0/0 objects in disregard for GC pool
[2021.12.27-20.12.25:777][  0]LogEngine: Initializing Engine...
[2021.12.27-20.12.25:781][  0]LogHMD: Failed to enumerate extensions. Please check that you have a valid OpenXR runtime installed.
[2021.12.27-20.12.25:781][  0]LogHMD: Failed to initialize OpenVR with code 110
[2021.12.27-20.12.25:781][  0]LogMagicLeap: Warning: VR disabled because ZI is not enabled.  To enable, in the editor, Edit -> Project Settings -> Plugins -> Magic Leap Plugin -> Enable Zero Iteration
[2021.12.27-20.12.25:783][  0]LogStats: UGameplayTagsManager::InitializeManager -  0.000 s
[2021.12.27-20.12.25:911][  0]LogInit: Initializing FReadOnlyCVARCache
[2021.12.27-20.12.25:911][  0]LogAudio: Display: Initializing Audio Device Manager...
[2021.12.27-20.12.25:917][  0]LogAudio: Display: Loading Default Audio Settings Objects...
[2021.12.27-20.12.25:917][  0]LogAudio: Display: No default SoundConcurrencyObject specified (or failed to load).
[2021.12.27-20.12.25:918][  0]LogAudio: Display: Audio Device Manager Initialized
[2021.12.27-20.12.25:918][  0]LogAudio: Display: Creating Audio Device:                 Id: 1, Scope: Shared, Realtime: True
[2021.12.27-20.12.25:918][  0]LogAudioMixer: Display: Audio Mixer Platform Settings:
[2021.12.27-20.12.25:918][  0]LogAudioMixer: Display: 	Sample Rate:						  48000
[2021.12.27-20.12.25:918][  0]LogAudioMixer: Display: 	Callback Buffer Frame Size Requested: 1024
[2021.12.27-20.12.25:918][  0]LogAudioMixer: Display: 	Callback Buffer Frame Size To Use:	  1024
[2021.12.27-20.12.25:918][  0]LogAudioMixer: Display: 	Number of buffers to queue:			  2
[2021.12.27-20.12.25:918][  0]LogAudioMixer: Display: 	Max Channels (voices):				  32
[2021.12.27-20.12.25:918][  0]LogAudioMixer: Display: 	Number of Async Source Workers:		  0
[2021.12.27-20.12.25:918][  0]LogAudio: Display: AudioDevice MaxSources: 32
[2021.12.27-20.12.25:919][  0]LogAudio: Display: Audio Spatialization Plugin: None (built-in).
[2021.12.27-20.12.25:919][  0]LogAudio: Display: Audio Reverb Plugin: None (built-in).
[2021.12.27-20.12.25:919][  0]LogAudio: Display: Audio Occlusion Plugin: None (built-in).
[2021.12.27-20.12.25:919][  0]LogAudioMixer: Display: Initializing audio mixer.
[2021.12.27-20.12.25:948][  0]LogAudioMixer: Display: 0: FrontLeft
[2021.12.27-20.12.25:948][  0]LogAudioMixer: Display: 1: FrontRight
[2021.12.27-20.12.25:975][  0]LogAudioMixer: Display: Using Audio Device Динамики (Realtek High Definition Audio)
[2021.12.27-20.12.25:982][  0]LogAudioMixer: Display: Initializing Sound Submixes...
[2021.12.27-20.12.25:985][  0]LogAudioMixer: Display: Creating Master Submix 'MasterSubmixDefault'
[2021.12.27-20.12.25:985][  0]LogAudioMixer: Display: Creating Master Submix 'MasterReverbSubmixDefault'
[2021.12.27-20.12.25:986][  0]LogAudioMixer: Display: Creating Master Submix 'MasterEQSubmixDefault'
[2021.12.27-20.12.25:986][  0]LogAudioMixer: FMixerPlatformXAudio2::StartAudioStream() called
[2021.12.27-20.12.25:986][  0]LogAudioMixer: Display: Output buffers initialized: Frames=1024, Channels=2, Samples=2048
[2021.12.27-20.12.25:987][  0]LogAudioMixer: Display: Starting AudioMixerPlatformInterface::RunInternal()
[2021.12.27-20.12.25:987][  0]LogAudioMixer: Display: FMixerPlatformXAudio2::SubmitBuffer() called for the first time
[2021.12.27-20.12.25:987][  0]LogInit: FAudioDevice initialized.
[2021.12.27-20.12.25:989][  0]LogNetVersion: Set ProjectVersion to 1.0.0.0. Version Checksum will be recalculated on next use.
[2021.12.27-20.12.25:991][  0]LogInit: Texture streaming: Enabled
[2021.12.27-20.12.26:096][  0]LogAudio: Display: Audio Device (ID: 1) registered with world 'Untitled'.
[2021.12.27-20.12.26:097][  0]LogSlate: Updating window title bar state: overlay mode, drag disabled, window buttons hidden, title bar hidden
[2021.12.27-20.12.26:098][  0]LogInit: Display: Game Engine Initialized.
[2021.12.27-20.12.26:099][  0]LogNiagaraEditor: GEditor isn't valid! Particle reset commands will not work for Niagara components!
[2021.12.27-20.12.26:229][  0]LogStreaming: Warning: Failed to read file '../../../Engine/Content/Editor/Slate/Niagara/MenuSeparator.png' error.
[2021.12.27-20.12.26:229][  0]LogSlate: Could not find file for Slate resource: ../../../Engine/Content/Editor/Slate/Niagara/MenuSeparator.png
[2021.12.27-20.12.26:229][  0]LogStreaming: Warning: Failed to read file '../../../Engine/Content/Editor/Slate/Niagara/Common/Selector.png' error.
[2021.12.27-20.12.26:229][  0]LogSlate: Could not find file for Slate resource: ../../../Engine/Content/Editor/Slate/Niagara/Common/Selector.png
[2021.12.27-20.12.26:229][  0]LogStreaming: Warning: Failed to read file '../../../Engine/Content/Editor/Slate/Niagara/Common/Selection.png' error.
[2021.12.27-20.12.26:229][  0]LogSlate: Could not find file for Slate resource: ../../../Engine/Content/Editor/Slate/Niagara/Common/Selection.png
[2021.12.27-20.12.26:229][  0]LogStreaming: Warning: Failed to read file '../../../Engine/Content/Editor/Slate/Niagara/Common/DropZoneIndicator_Above.png' error.
[2021.12.27-20.12.26:229][  0]LogSlate: Could not find file for Slate resource: ../../../Engine/Content/Editor/Slate/Niagara/Common/DropZoneIndicator_Above.png
[2021.12.27-20.12.26:229][  0]LogStreaming: Warning: Failed to read file '../../../Engine/Content/Editor/Slate/Niagara/Common/DropZoneIndicator_Onto.png' error.
[2021.12.27-20.12.26:229][  0]LogSlate: Could not find file for Slate resource: ../../../Engine/Content/Editor/Slate/Niagara/Common/DropZoneIndicator_Onto.png
[2021.12.27-20.12.26:229][  0]LogStreaming: Warning: Failed to read file '../../../Engine/Content/Editor/Slate/Niagara/Common/DropZoneIndicator_Below.png' error.
[2021.12.27-20.12.26:229][  0]LogSlate: Could not find file for Slate resource: ../../../Engine/Content/Editor/Slate/Niagara/Common/DropZoneIndicator_Below.png
[2021.12.27-20.12.26:229][  0]LogStreaming: Warning: Failed to read file '../../../Engine/Content/Editor/Slate/Niagara/Common/FlatButton.png' error.
[2021.12.27-20.12.26:229][  0]LogSlate: Could not find file for Slate resource: ../../../Engine/Content/Editor/Slate/Niagara/Common/FlatButton.png
[2021.12.27-20.12.26:229][  0]LogStreaming: Warning: Failed to read file '../../../Engine/Content/Editor/Slate/Niagara/Common/RoundedSelection_16x.png' error.
[2021.12.27-20.12.26:229][  0]LogSlate: Could not find file for Slate resource: ../../../Engine/Content/Editor/Slate/Niagara/Common/RoundedSelection_16x.png
[2021.12.27-20.12.26:229][  0]LogImageWrapper: Warning: PNG Warning: Duplicate iCCP chunk
[2021.12.27-20.12.26:229][  0]LogImageWrapper: Warning: PNG Warning: Duplicate iCCP chunk
[2021.12.27-20.12.26:248][  0]LogInit: Display: Starting Game.
[2021.12.27-20.12.26:249][  0]LogNet: Browse: /Game/Maps/MainMap?Name=Player
[2021.12.27-20.12.26:250][  0]LogLoad: LoadMap: /Game/Maps/MainMap?Name=Player
[2021.12.27-20.12.26:250][  0]LogWorld: BeginTearingDown for /Temp/Untitled_0
[2021.12.27-20.12.26:252][  0]LogWorld: UWorld::CleanupWorld for Untitled, bSessionEnded=true, bCleanupResources=true
[2021.12.27-20.12.26:252][  0]LogSlate: InvalidateAllWidgets triggered.  All widgets were invalidated
[2021.12.27-20.12.26:257][  0]LogAudio: Display: Audio Device unregistered from world 'None'.
[2021.12.27-20.12.26:260][  0]LogUObjectHash: Compacting FUObjectHashTables data took   0.89ms
[2021.12.27-20.12.26:709][  0]LogLinker: Warning: Asset '../../../../../../Users/Pukich/Documents/Unreal Projects/UE4_Courses/Content/Characters/Hero/Weapons/Textures/MagGunT1_section.uasset' has been saved with empty engine version. The asset will be loaded but may be incompatible.
[2021.12.27-20.12.27:044][  0]LogAudio: Display: Audio Device (ID: 1) registered with world 'MainMap'.
[2021.12.27-20.12.27:053][  0]LogAIModule: Creating AISystem for world MainMap
[2021.12.27-20.12.27:053][  0]LogLoad: Game class is 'DSGameMode_C'
[2021.12.27-20.12.27:081][  0]LogWorld: Bringing World /Game/Maps/MainMap.MainMap up for play (max tick rate 0) at 2021.12.27-23.12.27
[2021.12.27-20.12.27:105][  0]LogWorld: Bringing up level for play took: 0.050411
[2021.12.27-20.12.27:116][  0]LogLoad: Took 0.864985 seconds to LoadMap(/Game/Maps/MainMap)
[2021.12.27-20.12.27:173][  0]LogSlate: Took 0.000886 seconds to synchronously load lazily loaded font '../../../Engine/Content/Slate/Fonts/Roboto-Regular.ttf' (155K)
[2021.12.27-20.12.27:209][  0]LogRenderer: Reallocating scene render targets to support 640x360 Format 10 NumSamples 1 (Frame:1).
[2021.12.27-20.12.27:209][  0]LogInit: Display: Engine is initialized. Leaving FEngineLoop::Init()
[2021.12.27-20.12.27:209][  0]LogLoad: (Engine Initialization) Total time: 7.96 seconds
[2021.12.27-20.12.27:209][  0]LogLoad: (Engine Initialization) Total Blueprint compile time: 0.00 seconds
[2021.12.27-20.12.27:220][  0]LogContentStreaming: Texture pool size now 1000 MB
[2021.12.27-20.12.27:224][  0]LogSlate: InvalidateAllWidgets triggered.  All widgets were invalidated
[2021.12.27-20.12.27:386][  1]LogSlate: Took 0.000221 seconds to synchronously load lazily loaded font '../../../Engine/Content/Slate/Fonts/Roboto-Regular.ttf' (155K)
[2021.12.27-20.12.37:220][563]LogViewport: Display: Viewport MouseLockMode Changed, LockOnCapture -> DoNotLock
[2021.12.27-20.12.37:220][563]LogViewport: Display: Viewport HideCursorDuringCapture Changed, False -> True
[2021.12.27-20.12.37:220][563]LogViewport: Display: Viewport MouseCaptureMode Changed, CapturePermanently_IncludingInitialMouseDown -> CaptureDuringMouseDown
[2021.12.27-20.18.49:336][628]LogWindowsTextInputMethodSystem: Display: IME system deactivated.
[2021.12.27-20.18.49:339][628]LogWindowsTextInputMethodSystem: Display: IME system deactivated.
[2021.12.27-20.19.10:224][469]LogRenderer: Reallocating scene render targets to support 1920x1020 Format 10 NumSamples 1 (Frame:77471).
[2021.12.27-20.49.14:740][829]LogWindowsTextInputMethodSystem: Display: IME system deactivated.
[2021.12.27-20.49.14:740][829]LogWindowsTextInputMethodSystem: Display: IME system deactivated.
[2021.12.27-20.49.49:692][574]LogRenderer: Reallocating scene render targets to support 960x492 Format 10 NumSamples 1 (Frame:176577).
[2021.12.27-20.49.51:920][845]LogRenderer: Reallocating scene render targets to support 1920x1020 Format 10 NumSamples 1 (Frame:176849).
[2021.12.27-20.51.05:411][662]LogNet: Browse: /Game/Maps/MainMap
[2021.12.27-20.51.05:411][662]LogLoad: LoadMap: /Game/Maps/MainMap
[2021.12.27-20.51.05:411][662]LogWorld: BeginTearingDown for /Game/Maps/MainMap
[2021.12.27-20.51.05:424][662]LogWorld: UWorld::CleanupWorld for MainMap, bSessionEnded=true, bCleanupResources=true
[2021.12.27-20.51.05:433][662]LogSlate: InvalidateAllWidgets triggered.  All widgets were invalidated
[2021.12.27-20.51.05:481][662]LogAudio: Display: Audio Device unregistered from world 'None'.
[2021.12.27-20.51.05:795][662]LogUObjectHash: Compacting FUObjectHashTables data took  43.53ms
[2021.12.27-20.51.06:392][662]LogLinker: Warning: Asset '../../../../../../Users/Pukich/Documents/Unreal Projects/UE4_Courses/Content/Characters/Hero/Weapons/Textures/MagGunT1_section.uasset' has been saved with empty engine version. The asset will be loaded but may be incompatible.
[2021.12.27-20.51.06:627][662]LogAudio: Display: Audio Device (ID: 1) registered with world 'MainMap'.
[2021.12.27-20.51.06:640][662]LogAIModule: Creating AISystem for world MainMap
[2021.12.27-20.51.06:641][662]LogLoad: Game class is 'DSGameMode_C'
[2021.12.27-20.51.06:669][662]LogWorld: Bringing World /Game/Maps/MainMap.MainMap up for play (max tick rate 0) at 2021.12.27-23.51.06
[2021.12.27-20.51.06:690][662]LogWorld: Bringing up level for play took: 0.049264
[2021.12.27-20.51.06:713][662]LogLoad: Took 1.302476 seconds to LoadMap(/Game/Maps/MainMap)
[2021.12.27-20.52.11:313][843]LogNet: Browse: /Game/Maps/MainMap
[2021.12.27-20.52.11:313][843]LogLoad: LoadMap: /Game/Maps/MainMap
[2021.12.27-20.52.11:313][843]LogWorld: BeginTearingDown for /Game/Maps/MainMap
[2021.12.27-20.52.11:314][843]LogWorld: UWorld::CleanupWorld for MainMap, bSessionEnded=true, bCleanupResources=true
[2021.12.27-20.52.11:316][843]LogSlate: InvalidateAllWidgets triggered.  All widgets were invalidated
[2021.12.27-20.52.11:361][843]LogAudio: Display: Audio Device unregistered from world 'None'.
[2021.12.27-20.52.11:383][843]LogUObjectHash: Compacting FUObjectHashTables data took   0.63ms
[2021.12.27-20.52.11:636][843]LogLinker: Warning: Asset '../../../../../../Users/Pukich/Documents/Unreal Projects/UE4_Courses/Content/Characters/Hero/Weapons/Textures/MagGunT1_section.uasset' has been saved with empty engine version. The asset will be loaded but may be incompatible.
[2021.12.27-20.52.11:767][843]LogAudio: Display: Audio Device (ID: 1) registered with world 'MainMap'.
[2021.12.27-20.52.11:768][843]LogAIModule: Creating AISystem for world MainMap
[2021.12.27-20.52.11:768][843]LogLoad: Game class is 'DSGameMode_C'
[2021.12.27-20.52.11:783][843]LogWorld: Bringing World /Game/Maps/MainMap.MainMap up for play (max tick rate 0) at 2021.12.27-23.52.11
[2021.12.27-20.52.11:802][843]LogWorld: Bringing up level for play took: 0.032173
[2021.12.27-20.52.11:808][843]LogViewport: Display: Player bShowMouseCursor Changed, False -> True
[2021.12.27-20.52.11:809][843]LogLoad: Took 0.496503 seconds to LoadMap(/Game/Maps/MainMap)
[2021.12.27-20.57.12:976][ 82]LogNet: Browse: /Game/Maps/MainMap
[2021.12.27-20.57.12:976][ 82]LogLoad: LoadMap: /Game/Maps/MainMap
[2021.12.27-20.57.12:976][ 82]LogWorld: BeginTearingDown for /Game/Maps/MainMap
[2021.12.27-20.57.12:988][ 82]LogWorld: UWorld::CleanupWorld for MainMap, bSessionEnded=true, bCleanupResources=true
[2021.12.27-20.57.13:001][ 82]LogSlate: InvalidateAllWidgets triggered.  All widgets were invalidated
[2021.12.27-20.57.13:074][ 82]LogAudio: Display: Waited 69.986198 ms for audio thread.
[2021.12.27-20.57.13:080][ 82]LogAudio: Display: Waited 75.928802 ms for audio thread.
[2021.12.27-20.57.13:164][ 82]LogAudio: Display: Audio Device unregistered from world 'None'.
[2021.12.27-20.57.13:187][ 82]LogUObjectHash: Compacting FUObjectHashTables data took   2.71ms
[2021.12.27-20.57.13:813][ 82]LogLinker: Warning: Asset '../../../../../../Users/Pukich/Documents/Unreal Projects/UE4_Courses/Content/Characters/Hero/Weapons/Textures/MagGunT1_section.uasset' has been saved with empty engine version. The asset will be loaded but may be incompatible.
[2021.12.27-20.57.14:124][ 82]LogAudio: Display: Audio Device (ID: 1) registered with world 'MainMap'.
[2021.12.27-20.57.14:126][ 82]LogAIModule: Creating AISystem for world MainMap
[2021.12.27-20.57.14:127][ 82]LogLoad: Game class is 'DSGameMode_C'
[2021.12.27-20.57.14:174][ 82]LogWorld: Bringing World /Game/Maps/MainMap.MainMap up for play (max tick rate 0) at 2021.12.27-23.57.14
[2021.12.27-20.57.14:210][ 82]LogWorld: Bringing up level for play took: 0.081596
[2021.12.27-20.57.14:227][ 82]LogLoad: Took 1.250098 seconds to LoadMap(/Game/Maps/MainMap)
[2021.12.27-20.58.31:404][161]LogAudio: Display: Waited 35.070400 ms for audio thread.
[2021.12.27-20.58.31:408][161]LogAudio: Display: Waited 39.180000 ms for audio thread.
